<?xml version="1.0" encoding="UTF-8"?>
<!-- Generated by org.testng.reporters.JUnitXMLReporter -->
<testsuite ignored="3" hostname="DESKTOP-NJDJR9N" failures="0" tests="1" name="Test" time="25.745" errors="0" timestamp="2024-06-29T17:58:40 IST">
  <testcase classname="GroupingTesting.group" name="Testcase2" time="25.676"/>
  <testcase classname="GroupingTesting.group" name="Testcase1" time="0.0">
    <ignored/>
  </testcase> <!-- Testcase1 -->
  <testcase classname="GroupingTesting.group" name="Testcase3" time="0.0">
    <ignored/>
  </testcase> <!-- Testcase3 -->
  <testcase classname="GroupingTesting.group" name="Testcase4" time="0.0">
    <ignored/>
  </testcase> <!-- Testcase4 -->
</testsuite> <!-- Test -->
