<?xml version="1.0" encoding="UTF-8"?>
<testng-results ignored="0" total="1" passed="1" failed="0" skipped="0">
  <reporter-output>
  </reporter-output>
  <suite started-at="2024-07-06T12:58:44 IST" name="Default suite" finished-at="2024-07-06T12:58:51 IST" duration-ms="6987">
    <groups>
    </groups>
    <test started-at="2024-07-06T12:58:44 IST" name="Default test" finished-at="2024-07-06T12:58:51 IST" duration-ms="6987">
      <class name="Amazon_Program.BrowserLess_Testing">
        <test-method signature="Testcase1()[pri:0, instance:Amazon_Program.BrowserLess_Testing@41fecb8b]" started-at="2024-07-06T12:58:44 IST" name="Testcase1" finished-at="2024-07-06T12:58:51 IST" duration-ms="6948" status="PASS">
          <reporter-output>
          </reporter-output>
        </test-method> <!-- Testcase1 -->
      </class> <!-- Amazon_Program.BrowserLess_Testing -->
    </test> <!-- Default test -->
  </suite> <!-- Default suite -->
</testng-results>
